Proyecto/Proyecto Final/Curso/app/build/intermediates/manifest_merge_blame_file/debug/manifest-merger-blame-debug-report.txt
1<?xml version="1.0" encoding="utf-8"?>
2<manifest xmlns:android="http://schemas.android.com/apk/res/android"
3    package="com.example.curso"
4    android:versionCode="1"
5    android:versionName="1.0" >
6
7    <uses-sdk
8        android:minSdkVersion="21"
8-->src\main\AndroidManifest.xml
9        android:targetSdkVersion="33" />
9-->src\main\AndroidManifest.xml
10
11    <application
11-->src\main\AndroidManifest.xml:5:5-49:19
12        android:allowBackup="true"
12-->src\main\AndroidManifest.xml:6:9-35
13        android:appComponentFactory="android.support.v4.app.CoreComponentFactory"
13-->[com.android.support:support-compat:28.0.0] AndroidManifest.xml:22:18-91
14        android:dataExtractionRules="@xml/data_extraction_rules"
14-->src\main\AndroidManifest.xml:7:9-65
15        android:debuggable="true"
16        android:fullBackupContent="@xml/backup_rules"
16-->src\main\AndroidManifest.xml:8:9-54
17        android:icon="@drawable/logo_main"
17-->src\main\AndroidManifest.xml:9:9-43
18        android:label="@string/app_name"
18-->src\main\AndroidManifest.xml:10:9-41
19        android:supportsRtl="true"
19-->src\main\AndroidManifest.xml:11:9-35
20        android:testOnly="true"
21        android:theme="@style/Theme.Curso" >
21-->src\main\AndroidManifest.xml:12:9-43
22        <activity
22-->src\main\AndroidManifest.xml:14:9-17:20
23            android:name="com.example.curso.MainActivity"
23-->src\main\AndroidManifest.xml:15:13-41
24            android:exported="false" >
24-->src\main\AndroidManifest.xml:16:13-37
25        </activity>
26        <activity
26-->src\main\AndroidManifest.xml:18:9-21:20
27            android:name="com.example.curso.MainActivityDrawer"
27-->src\main\AndroidManifest.xml:19:13-47
28            android:exported="false" >
28-->src\main\AndroidManifest.xml:20:13-37
29        </activity>
30        <activity
30-->src\main\AndroidManifest.xml:22:9-24:40
31            android:name="com.example.curso.Confirmacion"
31-->src\main\AndroidManifest.xml:23:13-41
32            android:exported="false" />
32-->src\main\AndroidManifest.xml:24:13-37
33        <activity
33-->src\main\AndroidManifest.xml:25:9-33:20
34            android:name="com.example.curso.ActionBarTest"
34-->src\main\AndroidManifest.xml:26:13-42
35            android:exported="true" >
35-->src\main\AndroidManifest.xml:27:13-36
36            <intent-filter>
36-->src\main\AndroidManifest.xml:28:13-32:29
37                <action android:name="android.intent.action.MAIN" />
37-->src\main\AndroidManifest.xml:29:17-69
37-->src\main\AndroidManifest.xml:29:25-66
38
39                <category android:name="android.intent.category.LAUNCHER" />
39-->src\main\AndroidManifest.xml:31:17-77
39-->src\main\AndroidManifest.xml:31:27-74
40            </intent-filter>
41        </activity>
42        <activity
42-->src\main\AndroidManifest.xml:34:9-36:39
43            android:name="com.example.curso.Comanda"
43-->src\main\AndroidManifest.xml:35:13-36
44            android:exported="true" />
44-->src\main\AndroidManifest.xml:36:13-36
45        <activity
45-->src\main\AndroidManifest.xml:37:9-39:40
46            android:name="com.example.curso.Register"
46-->src\main\AndroidManifest.xml:38:13-37
47            android:exported="false" />
47-->src\main\AndroidManifest.xml:39:13-37
48        <activity
48-->src\main\AndroidManifest.xml:40:9-42:40
49            android:name="com.example.curso.Login"
49-->src\main\AndroidManifest.xml:41:13-34
50            android:exported="false" />
50-->src\main\AndroidManifest.xml:42:13-37
51        <activity
51-->src\main\AndroidManifest.xml:43:9-45:40
52            android:name="com.example.curso.Privacy"
52-->src\main\AndroidManifest.xml:44:13-36
53            android:exported="false" />
53-->src\main\AndroidManifest.xml:45:13-37
54
55        <meta-data
55-->src\main\AndroidManifest.xml:46:9-48:57
56            android:name="preloaded_fonts"
56-->src\main\AndroidManifest.xml:47:13-43
57            android:resource="@array/preloaded_fonts" />
57-->src\main\AndroidManifest.xml:48:13-54
58    </application>
59
60</manifest>